Determining if the pthread_create exist failed with the following output:
Change Dir: /home/workspace/c3-project/CMakeFiles/CMakeTmp

Run Build Command:"/usr/bin/make" "cmTC_01a19/fast"
/usr/bin/make -f CMakeFiles/cmTC_01a19.dir/build.make CMakeFiles/cmTC_01a19.dir/build
make[1]: Entering directory '/home/workspace/c3-project/CMakeFiles/CMakeTmp'
Building C object CMakeFiles/cmTC_01a19.dir/CheckSymbolExists.c.o
/usr/bin/cc    -o CMakeFiles/cmTC_01a19.dir/CheckSymbolExists.c.o   -c /home/workspace/c3-project/CMakeFiles/CMakeTmp/CheckSymbolExists.c
Linking C executable cmTC_01a19
/usr/local/bin/cmake -E cmake_link_script CMakeFiles/cmTC_01a19.dir/link.txt --verbose=1
/usr/bin/cc      CMakeFiles/cmTC_01a19.dir/CheckSymbolExists.c.o  -o cmTC_01a19 
CMakeFiles/cmTC_01a19.dir/CheckSymbolExists.c.o: In function `main':
CheckSymbolExists.c:(.text+0x1b): undefined reference to `pthread_create'
collect2: error: ld returned 1 exit status
CMakeFiles/cmTC_01a19.dir/build.make:86: recipe for target 'cmTC_01a19' failed
make[1]: *** [cmTC_01a19] Error 1
make[1]: Leaving directory '/home/workspace/c3-project/CMakeFiles/CMakeTmp'
Makefile:121: recipe for target 'cmTC_01a19/fast' failed
make: *** [cmTC_01a19/fast] Error 2

File /home/workspace/c3-project/CMakeFiles/CMakeTmp/CheckSymbolExists.c:
/* */
#include <pthread.h>

int main(int argc, char** argv)
{
  (void)argv;
#ifndef pthread_create
  return ((int*)(&pthread_create))[argc];
#else
  (void)argc;
  return 0;
#endif
}

Determining if the function pthread_create exists in the pthreads failed with the following output:
Change Dir: /home/workspace/c3-project/CMakeFiles/CMakeTmp

Run Build Command:"/usr/bin/make" "cmTC_185b6/fast"
/usr/bin/make -f CMakeFiles/cmTC_185b6.dir/build.make CMakeFiles/cmTC_185b6.dir/build
make[1]: Entering directory '/home/workspace/c3-project/CMakeFiles/CMakeTmp'
Building C object CMakeFiles/cmTC_185b6.dir/CheckFunctionExists.c.o
/usr/bin/cc   -DCHECK_FUNCTION_EXISTS=pthread_create   -o CMakeFiles/cmTC_185b6.dir/CheckFunctionExists.c.o   -c /usr/local/share/cmake-3.13/Modules/CheckFunctionExists.c
Linking C executable cmTC_185b6
/usr/local/bin/cmake -E cmake_link_script CMakeFiles/cmTC_185b6.dir/link.txt --verbose=1
/usr/bin/cc  -DCHECK_FUNCTION_EXISTS=pthread_create    CMakeFiles/cmTC_185b6.dir/CheckFunctionExists.c.o  -o cmTC_185b6 -lpthreads 
/usr/bin/ld: cannot find -lpthreads
collect2: error: ld returned 1 exit status
CMakeFiles/cmTC_185b6.dir/build.make:86: recipe for target 'cmTC_185b6' failed
make[1]: *** [cmTC_185b6] Error 1
make[1]: Leaving directory '/home/workspace/c3-project/CMakeFiles/CMakeTmp'
Makefile:121: recipe for target 'cmTC_185b6/fast' failed
make: *** [cmTC_185b6/fast] Error 2


